INFO - 2024-09-13 11:36:42 --> Config Class Initialized
INFO - 2024-09-13 11:36:42 --> Hooks Class Initialized
DEBUG - 2024-09-13 11:36:42 --> UTF-8 Support Enabled
INFO - 2024-09-13 11:36:42 --> Utf8 Class Initialized
INFO - 2024-09-13 11:36:42 --> URI Class Initialized
INFO - 2024-09-13 11:36:42 --> Router Class Initialized
INFO - 2024-09-13 11:36:42 --> Output Class Initialized
INFO - 2024-09-13 11:36:42 --> Security Class Initialized
DEBUG - 2024-09-13 11:36:42 --> Global POST, GET and COOKIE data sanitized
INFO - 2024-09-13 11:36:42 --> Input Class Initialized
INFO - 2024-09-13 11:36:42 --> Language Class Initialized
INFO - 2024-09-13 11:36:42 --> Loader Class Initialized
INFO - 2024-09-13 11:36:42 --> Helper loaded: funciones_grles_helper
INFO - 2024-09-13 11:36:42 --> Helper loaded: url_helper
INFO - 2024-09-13 11:36:42 --> Controller Class Initialized
DEBUG - 2024-09-13 11:36:43 --> Config file loaded: C:\xampp\htdocs\gesdoc\apigd\application\config/rest.php
INFO - 2024-09-13 11:36:43 --> Helper loaded: inflector_helper
INFO - 2024-09-13 11:36:43 --> Language file loaded: language/spanish/rest_controller_lang.php
INFO - 2024-09-13 11:36:43 --> Config Class Initialized
INFO - 2024-09-13 11:36:43 --> Hooks Class Initialized
DEBUG - 2024-09-13 11:36:43 --> UTF-8 Support Enabled
INFO - 2024-09-13 11:36:43 --> Utf8 Class Initialized
INFO - 2024-09-13 11:36:43 --> URI Class Initialized
INFO - 2024-09-13 11:36:43 --> Router Class Initialized
INFO - 2024-09-13 11:36:43 --> Output Class Initialized
INFO - 2024-09-13 11:36:43 --> Security Class Initialized
DEBUG - 2024-09-13 11:36:43 --> Global POST, GET and COOKIE data sanitized
INFO - 2024-09-13 11:36:43 --> Input Class Initialized
INFO - 2024-09-13 11:36:43 --> Language Class Initialized
INFO - 2024-09-13 11:36:43 --> Loader Class Initialized
INFO - 2024-09-13 11:36:43 --> Helper loaded: funciones_grles_helper
INFO - 2024-09-13 11:36:43 --> Helper loaded: url_helper
INFO - 2024-09-13 11:36:43 --> Controller Class Initialized
DEBUG - 2024-09-13 11:36:43 --> Config file loaded: C:\xampp\htdocs\gesdoc\apigd\application\config/rest.php
INFO - 2024-09-13 11:36:43 --> Helper loaded: inflector_helper
INFO - 2024-09-13 11:36:43 --> Language file loaded: language/spanish/rest_controller_lang.php
INFO - 2024-09-13 11:36:43 --> Database Driver Class Initialized
INFO - 2024-09-13 11:36:44 --> Database Driver Class Initialized
INFO - 2024-09-13 11:36:45 --> Model "Auth_model" initialized
INFO - 2024-09-13 11:36:45 --> Final output sent to browser
DEBUG - 2024-09-13 11:36:45 --> Total execution time: 2.7997
INFO - 2024-09-13 11:36:46 --> Config Class Initialized
INFO - 2024-09-13 11:36:46 --> Hooks Class Initialized
DEBUG - 2024-09-13 11:36:46 --> UTF-8 Support Enabled
INFO - 2024-09-13 11:36:46 --> Utf8 Class Initialized
INFO - 2024-09-13 11:36:46 --> URI Class Initialized
INFO - 2024-09-13 11:36:46 --> Router Class Initialized
INFO - 2024-09-13 11:36:46 --> Output Class Initialized
INFO - 2024-09-13 11:36:46 --> Security Class Initialized
DEBUG - 2024-09-13 11:36:46 --> Global POST, GET and COOKIE data sanitized
INFO - 2024-09-13 11:36:46 --> Input Class Initialized
INFO - 2024-09-13 11:36:46 --> Language Class Initialized
INFO - 2024-09-13 11:36:46 --> Loader Class Initialized
INFO - 2024-09-13 11:36:46 --> Helper loaded: funciones_grles_helper
INFO - 2024-09-13 11:36:46 --> Helper loaded: url_helper
INFO - 2024-09-13 11:36:46 --> Controller Class Initialized
DEBUG - 2024-09-13 11:36:46 --> Config file loaded: C:\xampp\htdocs\gesdoc\apigd\application\config/rest.php
INFO - 2024-09-13 11:36:46 --> Helper loaded: inflector_helper
INFO - 2024-09-13 11:36:46 --> Language file loaded: language/spanish/rest_controller_lang.php
INFO - 2024-09-13 11:36:46 --> Config Class Initialized
INFO - 2024-09-13 11:36:46 --> Hooks Class Initialized
DEBUG - 2024-09-13 11:36:46 --> UTF-8 Support Enabled
INFO - 2024-09-13 11:36:46 --> Utf8 Class Initialized
INFO - 2024-09-13 11:36:46 --> URI Class Initialized
INFO - 2024-09-13 11:36:46 --> Router Class Initialized
INFO - 2024-09-13 11:36:46 --> Output Class Initialized
INFO - 2024-09-13 11:36:46 --> Security Class Initialized
DEBUG - 2024-09-13 11:36:46 --> Global POST, GET and COOKIE data sanitized
INFO - 2024-09-13 11:36:46 --> Input Class Initialized
INFO - 2024-09-13 11:36:46 --> Language Class Initialized
INFO - 2024-09-13 11:36:46 --> Loader Class Initialized
INFO - 2024-09-13 11:36:46 --> Helper loaded: funciones_grles_helper
INFO - 2024-09-13 11:36:46 --> Helper loaded: url_helper
INFO - 2024-09-13 11:36:46 --> Controller Class Initialized
DEBUG - 2024-09-13 11:36:46 --> Config file loaded: C:\xampp\htdocs\gesdoc\apigd\application\config/rest.php
INFO - 2024-09-13 11:36:46 --> Helper loaded: inflector_helper
INFO - 2024-09-13 11:36:46 --> Language file loaded: language/spanish/rest_controller_lang.php
INFO - 2024-09-13 11:36:46 --> Config Class Initialized
INFO - 2024-09-13 11:36:46 --> Hooks Class Initialized
DEBUG - 2024-09-13 11:36:46 --> UTF-8 Support Enabled
INFO - 2024-09-13 11:36:46 --> Utf8 Class Initialized
INFO - 2024-09-13 11:36:46 --> URI Class Initialized
INFO - 2024-09-13 11:36:46 --> Config Class Initialized
INFO - 2024-09-13 11:36:46 --> Hooks Class Initialized
DEBUG - 2024-09-13 11:36:46 --> UTF-8 Support Enabled
INFO - 2024-09-13 11:36:46 --> Utf8 Class Initialized
INFO - 2024-09-13 11:36:46 --> URI Class Initialized
INFO - 2024-09-13 11:36:46 --> Router Class Initialized
INFO - 2024-09-13 11:36:46 --> Output Class Initialized
INFO - 2024-09-13 11:36:46 --> Security Class Initialized
DEBUG - 2024-09-13 11:36:46 --> Global POST, GET and COOKIE data sanitized
INFO - 2024-09-13 11:36:46 --> Input Class Initialized
INFO - 2024-09-13 11:36:46 --> Language Class Initialized
INFO - 2024-09-13 11:36:46 --> Loader Class Initialized
INFO - 2024-09-13 11:36:46 --> Helper loaded: funciones_grles_helper
INFO - 2024-09-13 11:36:46 --> Helper loaded: url_helper
INFO - 2024-09-13 11:36:46 --> Controller Class Initialized
DEBUG - 2024-09-13 11:36:46 --> Config file loaded: C:\xampp\htdocs\gesdoc\apigd\application\config/rest.php
INFO - 2024-09-13 11:36:46 --> Helper loaded: inflector_helper
INFO - 2024-09-13 11:36:46 --> Language file loaded: language/spanish/rest_controller_lang.php
INFO - 2024-09-13 11:36:46 --> Config Class Initialized
INFO - 2024-09-13 11:36:46 --> Hooks Class Initialized
INFO - 2024-09-13 11:36:46 --> Database Driver Class Initialized
DEBUG - 2024-09-13 11:36:46 --> UTF-8 Support Enabled
INFO - 2024-09-13 11:36:46 --> Utf8 Class Initialized
INFO - 2024-09-13 11:36:46 --> URI Class Initialized
INFO - 2024-09-13 11:36:46 --> Router Class Initialized
INFO - 2024-09-13 11:36:46 --> Output Class Initialized
INFO - 2024-09-13 11:36:46 --> Router Class Initialized
INFO - 2024-09-13 11:36:46 --> Security Class Initialized
DEBUG - 2024-09-13 11:36:46 --> Global POST, GET and COOKIE data sanitized
INFO - 2024-09-13 11:36:46 --> Input Class Initialized
INFO - 2024-09-13 11:36:46 --> Language Class Initialized
INFO - 2024-09-13 11:36:46 --> Output Class Initialized
INFO - 2024-09-13 11:36:46 --> Config Class Initialized
INFO - 2024-09-13 11:36:46 --> Hooks Class Initialized
INFO - 2024-09-13 11:36:46 --> Security Class Initialized
DEBUG - 2024-09-13 11:36:46 --> UTF-8 Support Enabled
INFO - 2024-09-13 11:36:46 --> Utf8 Class Initialized
DEBUG - 2024-09-13 11:36:46 --> Global POST, GET and COOKIE data sanitized
INFO - 2024-09-13 11:36:46 --> Input Class Initialized
INFO - 2024-09-13 11:36:46 --> Language Class Initialized
INFO - 2024-09-13 11:36:46 --> Config Class Initialized
INFO - 2024-09-13 11:36:46 --> Hooks Class Initialized
INFO - 2024-09-13 11:36:46 --> Loader Class Initialized
INFO - 2024-09-13 11:36:46 --> Helper loaded: funciones_grles_helper
INFO - 2024-09-13 11:36:46 --> Helper loaded: url_helper
INFO - 2024-09-13 11:36:46 --> Controller Class Initialized
DEBUG - 2024-09-13 11:36:46 --> Config file loaded: C:\xampp\htdocs\gesdoc\apigd\application\config/rest.php
INFO - 2024-09-13 11:36:46 --> Helper loaded: inflector_helper
INFO - 2024-09-13 11:36:46 --> Language file loaded: language/spanish/rest_controller_lang.php
DEBUG - 2024-09-13 11:36:46 --> UTF-8 Support Enabled
INFO - 2024-09-13 11:36:46 --> Utf8 Class Initialized
INFO - 2024-09-13 11:36:46 --> Config Class Initialized
INFO - 2024-09-13 11:36:46 --> Hooks Class Initialized
INFO - 2024-09-13 11:36:46 --> Loader Class Initialized
DEBUG - 2024-09-13 11:36:46 --> UTF-8 Support Enabled
INFO - 2024-09-13 11:36:46 --> URI Class Initialized
INFO - 2024-09-13 11:36:46 --> Utf8 Class Initialized
INFO - 2024-09-13 11:36:46 --> Router Class Initialized
INFO - 2024-09-13 11:36:46 --> URI Class Initialized
INFO - 2024-09-13 11:36:46 --> Router Class Initialized
INFO - 2024-09-13 11:36:46 --> Helper loaded: funciones_grles_helper
INFO - 2024-09-13 11:36:46 --> Output Class Initialized
INFO - 2024-09-13 11:36:46 --> Helper loaded: url_helper
INFO - 2024-09-13 11:36:46 --> Controller Class Initialized
INFO - 2024-09-13 11:36:46 --> URI Class Initialized
INFO - 2024-09-13 11:36:46 --> Security Class Initialized
DEBUG - 2024-09-13 11:36:46 --> Config file loaded: C:\xampp\htdocs\gesdoc\apigd\application\config/rest.php
DEBUG - 2024-09-13 11:36:46 --> Global POST, GET and COOKIE data sanitized
INFO - 2024-09-13 11:36:46 --> Router Class Initialized
INFO - 2024-09-13 11:36:46 --> Input Class Initialized
INFO - 2024-09-13 11:36:46 --> Language Class Initialized
INFO - 2024-09-13 11:36:46 --> Helper loaded: inflector_helper
INFO - 2024-09-13 11:36:46 --> Language file loaded: language/spanish/rest_controller_lang.php
INFO - 2024-09-13 11:36:46 --> Loader Class Initialized
INFO - 2024-09-13 11:36:46 --> Helper loaded: funciones_grles_helper
INFO - 2024-09-13 11:36:46 --> Helper loaded: url_helper
INFO - 2024-09-13 11:36:46 --> Controller Class Initialized
INFO - 2024-09-13 11:36:46 --> Config Class Initialized
INFO - 2024-09-13 11:36:46 --> Hooks Class Initialized
DEBUG - 2024-09-13 11:36:46 --> Config file loaded: C:\xampp\htdocs\gesdoc\apigd\application\config/rest.php
INFO - 2024-09-13 11:36:46 --> Helper loaded: inflector_helper
DEBUG - 2024-09-13 11:36:46 --> UTF-8 Support Enabled
INFO - 2024-09-13 11:36:46 --> Language file loaded: language/spanish/rest_controller_lang.php
INFO - 2024-09-13 11:36:46 --> Utf8 Class Initialized
INFO - 2024-09-13 11:36:46 --> URI Class Initialized
INFO - 2024-09-13 11:36:46 --> Router Class Initialized
INFO - 2024-09-13 11:36:46 --> Output Class Initialized
INFO - 2024-09-13 11:36:46 --> Database Driver Class Initialized
INFO - 2024-09-13 11:36:46 --> Security Class Initialized
DEBUG - 2024-09-13 11:36:46 --> Global POST, GET and COOKIE data sanitized
INFO - 2024-09-13 11:36:46 --> Input Class Initialized
INFO - 2024-09-13 11:36:46 --> Language Class Initialized
INFO - 2024-09-13 11:36:46 --> Loader Class Initialized
INFO - 2024-09-13 11:36:46 --> Helper loaded: funciones_grles_helper
INFO - 2024-09-13 11:36:46 --> Helper loaded: url_helper
INFO - 2024-09-13 11:36:46 --> Controller Class Initialized
DEBUG - 2024-09-13 11:36:46 --> Config file loaded: C:\xampp\htdocs\gesdoc\apigd\application\config/rest.php
INFO - 2024-09-13 11:36:46 --> Helper loaded: inflector_helper
INFO - 2024-09-13 11:36:46 --> Language file loaded: language/spanish/rest_controller_lang.php
INFO - 2024-09-13 11:36:46 --> Database Driver Class Initialized
INFO - 2024-09-13 11:36:46 --> Config Class Initialized
INFO - 2024-09-13 11:36:46 --> Hooks Class Initialized
INFO - 2024-09-13 11:36:46 --> Output Class Initialized
DEBUG - 2024-09-13 11:36:46 --> UTF-8 Support Enabled
INFO - 2024-09-13 11:36:46 --> Utf8 Class Initialized
INFO - 2024-09-13 11:36:46 --> Database Driver Class Initialized
INFO - 2024-09-13 11:36:46 --> URI Class Initialized
INFO - 2024-09-13 11:36:46 --> Router Class Initialized
DEBUG - 2024-09-13 11:36:46 --> Encabezado Jwt recibido: Bearer eyJ0eXAiOiJKV1QiLCJhbGciOiJIUzI1NiJ9.eyJkYXRhIjp7ImlkdSI6IjMxIiwidXNfbm9tX2FwZXMiOiJZZXJzb24gTXVcdTAwZjFveiBFcmF6byIsInVzIjoiYWRtaW5nZCIsIm1haWxfdXNlciI6InllcnNvbi5tdW5vekBwdXR1bWF5by5nb3YuY28iLCJlc3RhZG9fdXNlciI6IjEiLCJpZGVfcm9sIjoiMSIsImNvZEZ1biI6Ijc2MSIsImNvbmZpZyI6eyJmaWx0cm8iOjIsInZlbnRhbmlsbGEiOiIifX0sImF1ZCI6ImMwZTZjNzc2NWYwNjk3NWNlZDExNjlhZGUyM2MyYjhkNzAwYWM1ZGUiLCJpYXQiOjE3MjYyNDU0MDUsImV4cCI6MTcyNjI3NDIwNX0.S71HcnJCSTkYcd88DYbp9GXdUaucKTkVV3qOUhuKC6g
DEBUG - 2024-09-13 11:36:46 --> Token extraído: eyJ0eXAiOiJKV1QiLCJhbGciOiJIUzI1NiJ9.eyJkYXRhIjp7ImlkdSI6IjMxIiwidXNfbm9tX2FwZXMiOiJZZXJzb24gTXVcdTAwZjFveiBFcmF6byIsInVzIjoiYWRtaW5nZCIsIm1haWxfdXNlciI6InllcnNvbi5tdW5vekBwdXR1bWF5by5nb3YuY28iLCJlc3RhZG9fdXNlciI6IjEiLCJpZGVfcm9sIjoiMSIsImNvZEZ1biI6Ijc2MSIsImNvbmZpZyI6eyJmaWx0cm8iOjIsInZlbnRhbmlsbGEiOiIifX0sImF1ZCI6ImMwZTZjNzc2NWYwNjk3NWNlZDExNjlhZGUyM2MyYjhkNzAwYWM1ZGUiLCJpYXQiOjE3MjYyNDU0MDUsImV4cCI6MTcyNjI3NDIwNX0.S71HcnJCSTkYcd88DYbp9GXdUaucKTkVV3qOUhuKC6g
DEBUG - 2024-09-13 11:36:46 --> Token decodificado correctamente
INFO - 2024-09-13 11:36:46 --> Database Driver Class Initialized
INFO - 2024-09-13 11:36:46 --> Security Class Initialized
INFO - 2024-09-13 11:36:46 --> Output Class Initialized
INFO - 2024-09-13 11:36:46 --> Security Class Initialized
DEBUG - 2024-09-13 11:36:46 --> Global POST, GET and COOKIE data sanitized
INFO - 2024-09-13 11:36:46 --> Input Class Initialized
INFO - 2024-09-13 11:36:46 --> Language Class Initialized
INFO - 2024-09-13 11:36:46 --> Output Class Initialized
DEBUG - 2024-09-13 11:36:46 --> Global POST, GET and COOKIE data sanitized
INFO - 2024-09-13 11:36:46 --> Input Class Initialized
INFO - 2024-09-13 11:36:46 --> Language Class Initialized
INFO - 2024-09-13 11:36:46 --> Security Class Initialized
DEBUG - 2024-09-13 11:36:46 --> Global POST, GET and COOKIE data sanitized
INFO - 2024-09-13 11:36:46 --> Input Class Initialized
INFO - 2024-09-13 11:36:46 --> Language Class Initialized
DEBUG - 2024-09-13 11:36:46 --> Encabezado Jwt recibido: Bearer eyJ0eXAiOiJKV1QiLCJhbGciOiJIUzI1NiJ9.eyJkYXRhIjp7ImlkdSI6IjMxIiwidXNfbm9tX2FwZXMiOiJZZXJzb24gTXVcdTAwZjFveiBFcmF6byIsInVzIjoiYWRtaW5nZCIsIm1haWxfdXNlciI6InllcnNvbi5tdW5vekBwdXR1bWF5by5nb3YuY28iLCJlc3RhZG9fdXNlciI6IjEiLCJpZGVfcm9sIjoiMSIsImNvZEZ1biI6Ijc2MSIsImNvbmZpZyI6eyJmaWx0cm8iOjIsInZlbnRhbmlsbGEiOiIifX0sImF1ZCI6ImMwZTZjNzc2NWYwNjk3NWNlZDExNjlhZGUyM2MyYjhkNzAwYWM1ZGUiLCJpYXQiOjE3MjYyNDU0MDUsImV4cCI6MTcyNjI3NDIwNX0.S71HcnJCSTkYcd88DYbp9GXdUaucKTkVV3qOUhuKC6g
DEBUG - 2024-09-13 11:36:46 --> Token extraído: eyJ0eXAiOiJKV1QiLCJhbGciOiJIUzI1NiJ9.eyJkYXRhIjp7ImlkdSI6IjMxIiwidXNfbm9tX2FwZXMiOiJZZXJzb24gTXVcdTAwZjFveiBFcmF6byIsInVzIjoiYWRtaW5nZCIsIm1haWxfdXNlciI6InllcnNvbi5tdW5vekBwdXR1bWF5by5nb3YuY28iLCJlc3RhZG9fdXNlciI6IjEiLCJpZGVfcm9sIjoiMSIsImNvZEZ1biI6Ijc2MSIsImNvbmZpZyI6eyJmaWx0cm8iOjIsInZlbnRhbmlsbGEiOiIifX0sImF1ZCI6ImMwZTZjNzc2NWYwNjk3NWNlZDExNjlhZGUyM2MyYjhkNzAwYWM1ZGUiLCJpYXQiOjE3MjYyNDU0MDUsImV4cCI6MTcyNjI3NDIwNX0.S71HcnJCSTkYcd88DYbp9GXdUaucKTkVV3qOUhuKC6g
DEBUG - 2024-09-13 11:36:46 --> Token decodificado correctamente
INFO - 2024-09-13 11:36:46 --> Model "Auth_model" initialized
INFO - 2024-09-13 11:36:46 --> Loader Class Initialized
INFO - 2024-09-13 11:36:46 --> Helper loaded: funciones_grles_helper
INFO - 2024-09-13 11:36:46 --> Helper loaded: url_helper
INFO - 2024-09-13 11:36:46 --> Controller Class Initialized
DEBUG - 2024-09-13 11:36:46 --> Config file loaded: C:\xampp\htdocs\gesdoc\apigd\application\config/rest.php
INFO - 2024-09-13 11:36:46 --> Loader Class Initialized
INFO - 2024-09-13 11:36:46 --> Helper loaded: funciones_grles_helper
INFO - 2024-09-13 11:36:46 --> Helper loaded: url_helper
INFO - 2024-09-13 11:36:46 --> Controller Class Initialized
DEBUG - 2024-09-13 11:36:46 --> Config file loaded: C:\xampp\htdocs\gesdoc\apigd\application\config/rest.php
INFO - 2024-09-13 11:36:46 --> Helper loaded: inflector_helper
INFO - 2024-09-13 11:36:46 --> Language file loaded: language/spanish/rest_controller_lang.php
INFO - 2024-09-13 11:36:46 --> Config Class Initialized
INFO - 2024-09-13 11:36:46 --> Hooks Class Initialized
DEBUG - 2024-09-13 11:36:46 --> UTF-8 Support Enabled
INFO - 2024-09-13 11:36:46 --> Utf8 Class Initialized
INFO - 2024-09-13 11:36:46 --> URI Class Initialized
INFO - 2024-09-13 11:36:46 --> Router Class Initialized
INFO - 2024-09-13 11:36:46 --> Output Class Initialized
DEBUG - 2024-09-13 11:36:46 --> Encabezado Jwt recibido: Bearer eyJ0eXAiOiJKV1QiLCJhbGciOiJIUzI1NiJ9.eyJkYXRhIjp7ImlkdSI6IjMxIiwidXNfbm9tX2FwZXMiOiJZZXJzb24gTXVcdTAwZjFveiBFcmF6byIsInVzIjoiYWRtaW5nZCIsIm1haWxfdXNlciI6InllcnNvbi5tdW5vekBwdXR1bWF5by5nb3YuY28iLCJlc3RhZG9fdXNlciI6IjEiLCJpZGVfcm9sIjoiMSIsImNvZEZ1biI6Ijc2MSIsImNvbmZpZyI6eyJmaWx0cm8iOjIsInZlbnRhbmlsbGEiOiIifX0sImF1ZCI6ImMwZTZjNzc2NWYwNjk3NWNlZDExNjlhZGUyM2MyYjhkNzAwYWM1ZGUiLCJpYXQiOjE3MjYyNDU0MDUsImV4cCI6MTcyNjI3NDIwNX0.S71HcnJCSTkYcd88DYbp9GXdUaucKTkVV3qOUhuKC6g
DEBUG - 2024-09-13 11:36:46 --> Token extraído: eyJ0eXAiOiJKV1QiLCJhbGciOiJIUzI1NiJ9.eyJkYXRhIjp7ImlkdSI6IjMxIiwidXNfbm9tX2FwZXMiOiJZZXJzb24gTXVcdTAwZjFveiBFcmF6byIsInVzIjoiYWRtaW5nZCIsIm1haWxfdXNlciI6InllcnNvbi5tdW5vekBwdXR1bWF5by5nb3YuY28iLCJlc3RhZG9fdXNlciI6IjEiLCJpZGVfcm9sIjoiMSIsImNvZEZ1biI6Ijc2MSIsImNvbmZpZyI6eyJmaWx0cm8iOjIsInZlbnRhbmlsbGEiOiIifX0sImF1ZCI6ImMwZTZjNzc2NWYwNjk3NWNlZDExNjlhZGUyM2MyYjhkNzAwYWM1ZGUiLCJpYXQiOjE3MjYyNDU0MDUsImV4cCI6MTcyNjI3NDIwNX0.S71HcnJCSTkYcd88DYbp9GXdUaucKTkVV3qOUhuKC6g
DEBUG - 2024-09-13 11:36:46 --> Token decodificado correctamente
INFO - 2024-09-13 11:36:46 --> Database Driver Class Initialized
INFO - 2024-09-13 11:36:46 --> Loader Class Initialized
INFO - 2024-09-13 11:36:46 --> Helper loaded: funciones_grles_helper
INFO - 2024-09-13 11:36:46 --> Helper loaded: url_helper
INFO - 2024-09-13 11:36:46 --> Controller Class Initialized
DEBUG - 2024-09-13 11:36:46 --> Config file loaded: C:\xampp\htdocs\gesdoc\apigd\application\config/rest.php
INFO - 2024-09-13 11:36:46 --> Helper loaded: inflector_helper
INFO - 2024-09-13 11:36:46 --> Language file loaded: language/spanish/rest_controller_lang.php
INFO - 2024-09-13 11:36:46 --> Config Class Initialized
INFO - 2024-09-13 11:36:46 --> Hooks Class Initialized
DEBUG - 2024-09-13 11:36:46 --> UTF-8 Support Enabled
INFO - 2024-09-13 11:36:46 --> Utf8 Class Initialized
INFO - 2024-09-13 11:36:46 --> URI Class Initialized
INFO - 2024-09-13 11:36:46 --> Router Class Initialized
INFO - 2024-09-13 11:36:46 --> Output Class Initialized
INFO - 2024-09-13 11:36:46 --> Security Class Initialized
DEBUG - 2024-09-13 11:36:46 --> Global POST, GET and COOKIE data sanitized
INFO - 2024-09-13 11:36:46 --> Input Class Initialized
INFO - 2024-09-13 11:36:46 --> Security Class Initialized
INFO - 2024-09-13 11:36:46 --> Language Class Initialized
DEBUG - 2024-09-13 11:36:46 --> Global POST, GET and COOKIE data sanitized
INFO - 2024-09-13 11:36:46 --> Input Class Initialized
INFO - 2024-09-13 11:36:46 --> Language Class Initialized
INFO - 2024-09-13 11:36:46 --> Loader Class Initialized
INFO - 2024-09-13 11:36:46 --> Loader Class Initialized
INFO - 2024-09-13 11:36:46 --> Helper loaded: funciones_grles_helper
INFO - 2024-09-13 11:36:46 --> Helper loaded: url_helper
INFO - 2024-09-13 11:36:46 --> Helper loaded: funciones_grles_helper
INFO - 2024-09-13 11:36:46 --> Controller Class Initialized
INFO - 2024-09-13 11:36:46 --> Helper loaded: url_helper
DEBUG - 2024-09-13 11:36:46 --> Config file loaded: C:\xampp\htdocs\gesdoc\apigd\application\config/rest.php
INFO - 2024-09-13 11:36:46 --> Controller Class Initialized
DEBUG - 2024-09-13 11:36:46 --> Config file loaded: C:\xampp\htdocs\gesdoc\apigd\application\config/rest.php
INFO - 2024-09-13 11:36:46 --> Helper loaded: inflector_helper
INFO - 2024-09-13 11:36:46 --> Language file loaded: language/spanish/rest_controller_lang.php
INFO - 2024-09-13 11:36:46 --> Helper loaded: inflector_helper
INFO - 2024-09-13 11:36:46 --> Language file loaded: language/spanish/rest_controller_lang.php
INFO - 2024-09-13 11:36:46 --> Database Driver Class Initialized
INFO - 2024-09-13 11:36:46 --> Database Driver Class Initialized
INFO - 2024-09-13 11:36:46 --> Model "Dashboards_model" initialized
INFO - 2024-09-13 11:36:46 --> Helper loaded: inflector_helper
INFO - 2024-09-13 11:36:46 --> Language file loaded: language/spanish/rest_controller_lang.php
INFO - 2024-09-13 11:36:46 --> Model "Gestion_model" initialized
INFO - 2024-09-13 11:36:46 --> Config Class Initialized
INFO - 2024-09-13 11:36:46 --> Hooks Class Initialized
DEBUG - 2024-09-13 11:36:46 --> UTF-8 Support Enabled
INFO - 2024-09-13 11:36:46 --> Utf8 Class Initialized
INFO - 2024-09-13 11:36:46 --> URI Class Initialized
INFO - 2024-09-13 11:36:46 --> Router Class Initialized
INFO - 2024-09-13 11:36:46 --> Output Class Initialized
INFO - 2024-09-13 11:36:46 --> Security Class Initialized
DEBUG - 2024-09-13 11:36:46 --> Global POST, GET and COOKIE data sanitized
INFO - 2024-09-13 11:36:46 --> Input Class Initialized
INFO - 2024-09-13 11:36:46 --> Language Class Initialized
INFO - 2024-09-13 11:36:46 --> Loader Class Initialized
INFO - 2024-09-13 11:36:46 --> Helper loaded: funciones_grles_helper
INFO - 2024-09-13 11:36:46 --> Helper loaded: url_helper
INFO - 2024-09-13 11:36:46 --> Controller Class Initialized
DEBUG - 2024-09-13 11:36:46 --> Config file loaded: C:\xampp\htdocs\gesdoc\apigd\application\config/rest.php
INFO - 2024-09-13 11:36:46 --> Helper loaded: inflector_helper
INFO - 2024-09-13 11:36:46 --> Language file loaded: language/spanish/rest_controller_lang.php
INFO - 2024-09-13 11:36:46 --> Database Driver Class Initialized
DEBUG - 2024-09-13 11:36:46 --> Encabezado Jwt recibido: Bearer eyJ0eXAiOiJKV1QiLCJhbGciOiJIUzI1NiJ9.eyJkYXRhIjp7ImlkdSI6IjMxIiwidXNfbm9tX2FwZXMiOiJZZXJzb24gTXVcdTAwZjFveiBFcmF6byIsInVzIjoiYWRtaW5nZCIsIm1haWxfdXNlciI6InllcnNvbi5tdW5vekBwdXR1bWF5by5nb3YuY28iLCJlc3RhZG9fdXNlciI6IjEiLCJpZGVfcm9sIjoiMSIsImNvZEZ1biI6Ijc2MSIsImNvbmZpZyI6eyJmaWx0cm8iOjIsInZlbnRhbmlsbGEiOiIifX0sImF1ZCI6ImMwZTZjNzc2NWYwNjk3NWNlZDExNjlhZGUyM2MyYjhkNzAwYWM1ZGUiLCJpYXQiOjE3MjYyNDU0MDUsImV4cCI6MTcyNjI3NDIwNX0.S71HcnJCSTkYcd88DYbp9GXdUaucKTkVV3qOUhuKC6g
DEBUG - 2024-09-13 11:36:46 --> Token extraído: eyJ0eXAiOiJKV1QiLCJhbGciOiJIUzI1NiJ9.eyJkYXRhIjp7ImlkdSI6IjMxIiwidXNfbm9tX2FwZXMiOiJZZXJzb24gTXVcdTAwZjFveiBFcmF6byIsInVzIjoiYWRtaW5nZCIsIm1haWxfdXNlciI6InllcnNvbi5tdW5vekBwdXR1bWF5by5nb3YuY28iLCJlc3RhZG9fdXNlciI6IjEiLCJpZGVfcm9sIjoiMSIsImNvZEZ1biI6Ijc2MSIsImNvbmZpZyI6eyJmaWx0cm8iOjIsInZlbnRhbmlsbGEiOiIifX0sImF1ZCI6ImMwZTZjNzc2NWYwNjk3NWNlZDExNjlhZGUyM2MyYjhkNzAwYWM1ZGUiLCJpYXQiOjE3MjYyNDU0MDUsImV4cCI6MTcyNjI3NDIwNX0.S71HcnJCSTkYcd88DYbp9GXdUaucKTkVV3qOUhuKC6g
DEBUG - 2024-09-13 11:36:46 --> Token decodificado correctamente
INFO - 2024-09-13 11:36:46 --> Database Driver Class Initialized
DEBUG - 2024-09-13 11:36:47 --> Encabezado Jwt recibido: Bearer eyJ0eXAiOiJKV1QiLCJhbGciOiJIUzI1NiJ9.eyJkYXRhIjp7ImlkdSI6IjMxIiwidXNfbm9tX2FwZXMiOiJZZXJzb24gTXVcdTAwZjFveiBFcmF6byIsInVzIjoiYWRtaW5nZCIsIm1haWxfdXNlciI6InllcnNvbi5tdW5vekBwdXR1bWF5by5nb3YuY28iLCJlc3RhZG9fdXNlciI6IjEiLCJpZGVfcm9sIjoiMSIsImNvZEZ1biI6Ijc2MSIsImNvbmZpZyI6eyJmaWx0cm8iOjIsInZlbnRhbmlsbGEiOiIifX0sImF1ZCI6ImMwZTZjNzc2NWYwNjk3NWNlZDExNjlhZGUyM2MyYjhkNzAwYWM1ZGUiLCJpYXQiOjE3MjYyNDU0MDUsImV4cCI6MTcyNjI3NDIwNX0.S71HcnJCSTkYcd88DYbp9GXdUaucKTkVV3qOUhuKC6g
DEBUG - 2024-09-13 11:36:47 --> Token extraído: eyJ0eXAiOiJKV1QiLCJhbGciOiJIUzI1NiJ9.eyJkYXRhIjp7ImlkdSI6IjMxIiwidXNfbm9tX2FwZXMiOiJZZXJzb24gTXVcdTAwZjFveiBFcmF6byIsInVzIjoiYWRtaW5nZCIsIm1haWxfdXNlciI6InllcnNvbi5tdW5vekBwdXR1bWF5by5nb3YuY28iLCJlc3RhZG9fdXNlciI6IjEiLCJpZGVfcm9sIjoiMSIsImNvZEZ1biI6Ijc2MSIsImNvbmZpZyI6eyJmaWx0cm8iOjIsInZlbnRhbmlsbGEiOiIifX0sImF1ZCI6ImMwZTZjNzc2NWYwNjk3NWNlZDExNjlhZGUyM2MyYjhkNzAwYWM1ZGUiLCJpYXQiOjE3MjYyNDU0MDUsImV4cCI6MTcyNjI3NDIwNX0.S71HcnJCSTkYcd88DYbp9GXdUaucKTkVV3qOUhuKC6g
DEBUG - 2024-09-13 11:36:47 --> Token decodificado correctamente
INFO - 2024-09-13 11:36:47 --> Database Driver Class Initialized
DEBUG - 2024-09-13 11:36:47 --> Encabezado Jwt recibido: Bearer eyJ0eXAiOiJKV1QiLCJhbGciOiJIUzI1NiJ9.eyJkYXRhIjp7ImlkdSI6IjMxIiwidXNfbm9tX2FwZXMiOiJZZXJzb24gTXVcdTAwZjFveiBFcmF6byIsInVzIjoiYWRtaW5nZCIsIm1haWxfdXNlciI6InllcnNvbi5tdW5vekBwdXR1bWF5by5nb3YuY28iLCJlc3RhZG9fdXNlciI6IjEiLCJpZGVfcm9sIjoiMSIsImNvZEZ1biI6Ijc2MSIsImNvbmZpZyI6eyJmaWx0cm8iOjIsInZlbnRhbmlsbGEiOiIifX0sImF1ZCI6ImMwZTZjNzc2NWYwNjk3NWNlZDExNjlhZGUyM2MyYjhkNzAwYWM1ZGUiLCJpYXQiOjE3MjYyNDU0MDUsImV4cCI6MTcyNjI3NDIwNX0.S71HcnJCSTkYcd88DYbp9GXdUaucKTkVV3qOUhuKC6g
DEBUG - 2024-09-13 11:36:47 --> Token extraído: eyJ0eXAiOiJKV1QiLCJhbGciOiJIUzI1NiJ9.eyJkYXRhIjp7ImlkdSI6IjMxIiwidXNfbm9tX2FwZXMiOiJZZXJzb24gTXVcdTAwZjFveiBFcmF6byIsInVzIjoiYWRtaW5nZCIsIm1haWxfdXNlciI6InllcnNvbi5tdW5vekBwdXR1bWF5by5nb3YuY28iLCJlc3RhZG9fdXNlciI6IjEiLCJpZGVfcm9sIjoiMSIsImNvZEZ1biI6Ijc2MSIsImNvbmZpZyI6eyJmaWx0cm8iOjIsInZlbnRhbmlsbGEiOiIifX0sImF1ZCI6ImMwZTZjNzc2NWYwNjk3NWNlZDExNjlhZGUyM2MyYjhkNzAwYWM1ZGUiLCJpYXQiOjE3MjYyNDU0MDUsImV4cCI6MTcyNjI3NDIwNX0.S71HcnJCSTkYcd88DYbp9GXdUaucKTkVV3qOUhuKC6g
DEBUG - 2024-09-13 11:36:47 --> Token decodificado correctamente
INFO - 2024-09-13 11:36:47 --> Database Driver Class Initialized
INFO - 2024-09-13 11:36:47 --> Model "Dashboards_model" initialized
INFO - 2024-09-13 11:36:47 --> Model "Gestion_model" initialized
INFO - 2024-09-13 11:36:47 --> Model "Dashboards_model" initialized
INFO - 2024-09-13 11:36:47 --> Model "Dashboards_model" initialized
INFO - 2024-09-13 11:36:47 --> Model "Gestion_model" initialized
INFO - 2024-09-13 11:36:47 --> Model "Gestion_model" initialized
INFO - 2024-09-13 11:36:48 --> Model "Dashboards_model" initialized
INFO - 2024-09-13 11:36:48 --> Model "Gestion_model" initialized
INFO - 2024-09-13 11:36:50 --> Final output sent to browser
DEBUG - 2024-09-13 11:36:50 --> Total execution time: 3.8974
INFO - 2024-09-13 11:36:50 --> Config Class Initialized
INFO - 2024-09-13 11:36:50 --> Hooks Class Initialized
DEBUG - 2024-09-13 11:36:50 --> UTF-8 Support Enabled
INFO - 2024-09-13 11:36:50 --> Utf8 Class Initialized
INFO - 2024-09-13 11:36:50 --> URI Class Initialized
INFO - 2024-09-13 11:36:50 --> Router Class Initialized
INFO - 2024-09-13 11:36:50 --> Output Class Initialized
INFO - 2024-09-13 11:36:50 --> Security Class Initialized
DEBUG - 2024-09-13 11:36:50 --> Global POST, GET and COOKIE data sanitized
INFO - 2024-09-13 11:36:50 --> Input Class Initialized
INFO - 2024-09-13 11:36:50 --> Language Class Initialized
INFO - 2024-09-13 11:36:50 --> Loader Class Initialized
INFO - 2024-09-13 11:36:50 --> Helper loaded: funciones_grles_helper
INFO - 2024-09-13 11:36:50 --> Helper loaded: url_helper
INFO - 2024-09-13 11:36:50 --> Controller Class Initialized
DEBUG - 2024-09-13 11:36:50 --> Config file loaded: C:\xampp\htdocs\gesdoc\apigd\application\config/rest.php
INFO - 2024-09-13 11:36:50 --> Helper loaded: inflector_helper
INFO - 2024-09-13 11:36:50 --> Language file loaded: language/spanish/rest_controller_lang.php
INFO - 2024-09-13 11:36:50 --> Database Driver Class Initialized
DEBUG - 2024-09-13 11:36:50 --> Encabezado Jwt recibido: Bearer eyJ0eXAiOiJKV1QiLCJhbGciOiJIUzI1NiJ9.eyJkYXRhIjp7ImlkdSI6IjMxIiwidXNfbm9tX2FwZXMiOiJZZXJzb24gTXVcdTAwZjFveiBFcmF6byIsInVzIjoiYWRtaW5nZCIsIm1haWxfdXNlciI6InllcnNvbi5tdW5vekBwdXR1bWF5by5nb3YuY28iLCJlc3RhZG9fdXNlciI6IjEiLCJpZGVfcm9sIjoiMSIsImNvZEZ1biI6Ijc2MSIsImNvbmZpZyI6eyJmaWx0cm8iOjIsInZlbnRhbmlsbGEiOiIifX0sImF1ZCI6ImMwZTZjNzc2NWYwNjk3NWNlZDExNjlhZGUyM2MyYjhkNzAwYWM1ZGUiLCJpYXQiOjE3MjYyNDU0MDUsImV4cCI6MTcyNjI3NDIwNX0.S71HcnJCSTkYcd88DYbp9GXdUaucKTkVV3qOUhuKC6g
DEBUG - 2024-09-13 11:36:50 --> Token extraído: eyJ0eXAiOiJKV1QiLCJhbGciOiJIUzI1NiJ9.eyJkYXRhIjp7ImlkdSI6IjMxIiwidXNfbm9tX2FwZXMiOiJZZXJzb24gTXVcdTAwZjFveiBFcmF6byIsInVzIjoiYWRtaW5nZCIsIm1haWxfdXNlciI6InllcnNvbi5tdW5vekBwdXR1bWF5by5nb3YuY28iLCJlc3RhZG9fdXNlciI6IjEiLCJpZGVfcm9sIjoiMSIsImNvZEZ1biI6Ijc2MSIsImNvbmZpZyI6eyJmaWx0cm8iOjIsInZlbnRhbmlsbGEiOiIifX0sImF1ZCI6ImMwZTZjNzc2NWYwNjk3NWNlZDExNjlhZGUyM2MyYjhkNzAwYWM1ZGUiLCJpYXQiOjE3MjYyNDU0MDUsImV4cCI6MTcyNjI3NDIwNX0.S71HcnJCSTkYcd88DYbp9GXdUaucKTkVV3qOUhuKC6g
DEBUG - 2024-09-13 11:36:50 --> Token decodificado correctamente
INFO - 2024-09-13 11:36:50 --> Database Driver Class Initialized
INFO - 2024-09-13 11:36:50 --> Model "Dashboards_model" initialized
INFO - 2024-09-13 11:36:50 --> Model "Gestion_model" initialized
INFO - 2024-09-13 11:36:50 --> Final output sent to browser
DEBUG - 2024-09-13 11:36:50 --> Total execution time: 3.9935
INFO - 2024-09-13 11:36:50 --> Final output sent to browser
DEBUG - 2024-09-13 11:36:50 --> Total execution time: 4.3366
DEBUG - 2024-09-13 11:36:50 --> Respuesta del modelo radicadosXMes: Array
(
    [data] => Array
        (
        )

    [error] => 
    [msg] => 
    [error_msg] => 
    [error_num] => 0
)

DEBUG - 2024-09-13 11:36:50 --> Respuesta del modelo radicadosXMes result: Array
(
    [labels] => Array
        (
        )

    [datos] => Array
        (
        )

)

INFO - 2024-09-13 11:36:50 --> Final output sent to browser
DEBUG - 2024-09-13 11:36:50 --> Total execution time: 3.9829
INFO - 2024-09-13 11:36:50 --> Final output sent to browser
DEBUG - 2024-09-13 11:36:50 --> Total execution time: 4.3382
INFO - 2024-09-13 11:36:50 --> Final output sent to browser
DEBUG - 2024-09-13 11:36:50 --> Total execution time: 0.7043
INFO - 2024-09-13 11:36:50 --> Final output sent to browser
DEBUG - 2024-09-13 11:36:50 --> Total execution time: 4.0255
INFO - 2024-09-13 11:36:58 --> Config Class Initialized
INFO - 2024-09-13 11:36:58 --> Hooks Class Initialized
INFO - 2024-09-13 11:36:58 --> Config Class Initialized
INFO - 2024-09-13 11:36:58 --> Config Class Initialized
DEBUG - 2024-09-13 11:36:58 --> UTF-8 Support Enabled
INFO - 2024-09-13 11:36:58 --> Config Class Initialized
INFO - 2024-09-13 11:36:58 --> Hooks Class Initialized
INFO - 2024-09-13 11:36:58 --> Hooks Class Initialized
INFO - 2024-09-13 11:36:58 --> Utf8 Class Initialized
INFO - 2024-09-13 11:36:58 --> Hooks Class Initialized
INFO - 2024-09-13 11:36:58 --> URI Class Initialized
DEBUG - 2024-09-13 11:36:58 --> UTF-8 Support Enabled
DEBUG - 2024-09-13 11:36:58 --> UTF-8 Support Enabled
INFO - 2024-09-13 11:36:58 --> Utf8 Class Initialized
INFO - 2024-09-13 11:36:58 --> Utf8 Class Initialized
DEBUG - 2024-09-13 11:36:58 --> UTF-8 Support Enabled
INFO - 2024-09-13 11:36:58 --> Router Class Initialized
INFO - 2024-09-13 11:36:58 --> URI Class Initialized
INFO - 2024-09-13 11:36:58 --> Utf8 Class Initialized
INFO - 2024-09-13 11:36:58 --> URI Class Initialized
INFO - 2024-09-13 11:36:58 --> URI Class Initialized
INFO - 2024-09-13 11:36:58 --> Output Class Initialized
INFO - 2024-09-13 11:36:58 --> Router Class Initialized
INFO - 2024-09-13 11:36:58 --> Security Class Initialized
INFO - 2024-09-13 11:36:58 --> Output Class Initialized
DEBUG - 2024-09-13 11:36:58 --> Global POST, GET and COOKIE data sanitized
INFO - 2024-09-13 11:36:58 --> Input Class Initialized
INFO - 2024-09-13 11:36:58 --> Router Class Initialized
INFO - 2024-09-13 11:36:58 --> Router Class Initialized
INFO - 2024-09-13 11:36:58 --> Security Class Initialized
INFO - 2024-09-13 11:36:58 --> Language Class Initialized
DEBUG - 2024-09-13 11:36:58 --> Global POST, GET and COOKIE data sanitized
INFO - 2024-09-13 11:36:58 --> Output Class Initialized
INFO - 2024-09-13 11:36:58 --> Input Class Initialized
INFO - 2024-09-13 11:36:58 --> Output Class Initialized
INFO - 2024-09-13 11:36:58 --> Language Class Initialized
INFO - 2024-09-13 11:36:58 --> Security Class Initialized
INFO - 2024-09-13 11:36:58 --> Security Class Initialized
DEBUG - 2024-09-13 11:36:58 --> Global POST, GET and COOKIE data sanitized
INFO - 2024-09-13 11:36:58 --> Input Class Initialized
DEBUG - 2024-09-13 11:36:58 --> Global POST, GET and COOKIE data sanitized
INFO - 2024-09-13 11:36:58 --> Language Class Initialized
INFO - 2024-09-13 11:36:58 --> Input Class Initialized
INFO - 2024-09-13 11:36:58 --> Language Class Initialized
INFO - 2024-09-13 11:36:58 --> Loader Class Initialized
INFO - 2024-09-13 11:36:58 --> Loader Class Initialized
INFO - 2024-09-13 11:36:58 --> Helper loaded: funciones_grles_helper
INFO - 2024-09-13 11:36:58 --> Helper loaded: funciones_grles_helper
INFO - 2024-09-13 11:36:58 --> Loader Class Initialized
INFO - 2024-09-13 11:36:58 --> Helper loaded: url_helper
INFO - 2024-09-13 11:36:58 --> Controller Class Initialized
INFO - 2024-09-13 11:36:58 --> Helper loaded: url_helper
INFO - 2024-09-13 11:36:58 --> Controller Class Initialized
DEBUG - 2024-09-13 11:36:58 --> Config file loaded: C:\xampp\htdocs\gesdoc\apigd\application\config/rest.php
INFO - 2024-09-13 11:36:58 --> Loader Class Initialized
DEBUG - 2024-09-13 11:36:58 --> Config file loaded: C:\xampp\htdocs\gesdoc\apigd\application\config/rest.php
INFO - 2024-09-13 11:36:58 --> Helper loaded: funciones_grles_helper
INFO - 2024-09-13 11:36:58 --> Helper loaded: inflector_helper
INFO - 2024-09-13 11:36:58 --> Helper loaded: inflector_helper
INFO - 2024-09-13 11:36:58 --> Helper loaded: funciones_grles_helper
INFO - 2024-09-13 11:36:58 --> Language file loaded: language/spanish/rest_controller_lang.php
INFO - 2024-09-13 11:36:58 --> Helper loaded: url_helper
INFO - 2024-09-13 11:36:58 --> Language file loaded: language/spanish/rest_controller_lang.php
INFO - 2024-09-13 11:36:58 --> Controller Class Initialized
INFO - 2024-09-13 11:36:58 --> Helper loaded: url_helper
INFO - 2024-09-13 11:36:58 --> Controller Class Initialized
DEBUG - 2024-09-13 11:36:58 --> Config file loaded: C:\xampp\htdocs\gesdoc\apigd\application\config/rest.php
DEBUG - 2024-09-13 11:36:58 --> Config file loaded: C:\xampp\htdocs\gesdoc\apigd\application\config/rest.php
INFO - 2024-09-13 11:36:58 --> Helper loaded: inflector_helper
INFO - 2024-09-13 11:36:58 --> Helper loaded: inflector_helper
INFO - 2024-09-13 11:36:58 --> Language file loaded: language/spanish/rest_controller_lang.php
INFO - 2024-09-13 11:36:58 --> Language file loaded: language/spanish/rest_controller_lang.php
INFO - 2024-09-13 11:36:58 --> Config Class Initialized
INFO - 2024-09-13 11:36:58 --> Hooks Class Initialized
INFO - 2024-09-13 11:36:58 --> Config Class Initialized
INFO - 2024-09-13 11:36:58 --> Hooks Class Initialized
INFO - 2024-09-13 11:36:58 --> Config Class Initialized
INFO - 2024-09-13 11:36:58 --> Hooks Class Initialized
DEBUG - 2024-09-13 11:36:58 --> UTF-8 Support Enabled
INFO - 2024-09-13 11:36:58 --> Utf8 Class Initialized
INFO - 2024-09-13 11:36:58 --> URI Class Initialized
DEBUG - 2024-09-13 11:36:58 --> UTF-8 Support Enabled
INFO - 2024-09-13 11:36:58 --> Utf8 Class Initialized
DEBUG - 2024-09-13 11:36:58 --> UTF-8 Support Enabled
INFO - 2024-09-13 11:36:58 --> Utf8 Class Initialized
INFO - 2024-09-13 11:36:58 --> Router Class Initialized
INFO - 2024-09-13 11:36:58 --> URI Class Initialized
INFO - 2024-09-13 11:36:58 --> Output Class Initialized
INFO - 2024-09-13 11:36:58 --> URI Class Initialized
INFO - 2024-09-13 11:36:58 --> Security Class Initialized
DEBUG - 2024-09-13 11:36:58 --> Global POST, GET and COOKIE data sanitized
INFO - 2024-09-13 11:36:58 --> Router Class Initialized
INFO - 2024-09-13 11:36:58 --> Input Class Initialized
INFO - 2024-09-13 11:36:58 --> Router Class Initialized
INFO - 2024-09-13 11:36:58 --> Language Class Initialized
INFO - 2024-09-13 11:36:58 --> Output Class Initialized
INFO - 2024-09-13 11:36:58 --> Output Class Initialized
INFO - 2024-09-13 11:36:58 --> Security Class Initialized
DEBUG - 2024-09-13 11:36:58 --> Global POST, GET and COOKIE data sanitized
INFO - 2024-09-13 11:36:58 --> Input Class Initialized
INFO - 2024-09-13 11:36:58 --> Loader Class Initialized
INFO - 2024-09-13 11:36:58 --> Language Class Initialized
INFO - 2024-09-13 11:36:58 --> Helper loaded: funciones_grles_helper
INFO - 2024-09-13 11:36:58 --> Security Class Initialized
INFO - 2024-09-13 11:36:58 --> Helper loaded: url_helper
INFO - 2024-09-13 11:36:58 --> Controller Class Initialized
DEBUG - 2024-09-13 11:36:58 --> Config file loaded: C:\xampp\htdocs\gesdoc\apigd\application\config/rest.php
DEBUG - 2024-09-13 11:36:58 --> Global POST, GET and COOKIE data sanitized
INFO - 2024-09-13 11:36:58 --> Input Class Initialized
INFO - 2024-09-13 11:36:58 --> Helper loaded: inflector_helper
INFO - 2024-09-13 11:36:58 --> Language file loaded: language/spanish/rest_controller_lang.php
INFO - 2024-09-13 11:36:58 --> Language Class Initialized
INFO - 2024-09-13 11:36:58 --> Loader Class Initialized
INFO - 2024-09-13 11:36:58 --> Database Driver Class Initialized
INFO - 2024-09-13 11:36:58 --> Helper loaded: funciones_grles_helper
INFO - 2024-09-13 11:36:58 --> Helper loaded: url_helper
INFO - 2024-09-13 11:36:58 --> Controller Class Initialized
INFO - 2024-09-13 11:36:58 --> Loader Class Initialized
DEBUG - 2024-09-13 11:36:58 --> Config file loaded: C:\xampp\htdocs\gesdoc\apigd\application\config/rest.php
INFO - 2024-09-13 11:36:58 --> Helper loaded: funciones_grles_helper
INFO - 2024-09-13 11:36:58 --> Config Class Initialized
INFO - 2024-09-13 11:36:58 --> Helper loaded: url_helper
INFO - 2024-09-13 11:36:58 --> Controller Class Initialized
DEBUG - 2024-09-13 11:36:58 --> Config file loaded: C:\xampp\htdocs\gesdoc\apigd\application\config/rest.php
INFO - 2024-09-13 11:36:58 --> Hooks Class Initialized
INFO - 2024-09-13 11:36:58 --> Helper loaded: inflector_helper
INFO - 2024-09-13 11:36:58 --> Language file loaded: language/spanish/rest_controller_lang.php
INFO - 2024-09-13 11:36:58 --> Helper loaded: inflector_helper
DEBUG - 2024-09-13 11:36:58 --> UTF-8 Support Enabled
INFO - 2024-09-13 11:36:58 --> Utf8 Class Initialized
INFO - 2024-09-13 11:36:58 --> Language file loaded: language/spanish/rest_controller_lang.php
INFO - 2024-09-13 11:36:58 --> URI Class Initialized
DEBUG - 2024-09-13 11:36:58 --> Encabezado Jwt recibido: Bearer eyJ0eXAiOiJKV1QiLCJhbGciOiJIUzI1NiJ9.eyJkYXRhIjp7ImlkdSI6IjMxIiwidXNfbm9tX2FwZXMiOiJZZXJzb24gTXVcdTAwZjFveiBFcmF6byIsInVzIjoiYWRtaW5nZCIsIm1haWxfdXNlciI6InllcnNvbi5tdW5vekBwdXR1bWF5by5nb3YuY28iLCJlc3RhZG9fdXNlciI6IjEiLCJpZGVfcm9sIjoiMSIsImNvZEZ1biI6Ijc2MSIsImNvbmZpZyI6eyJmaWx0cm8iOjIsInZlbnRhbmlsbGEiOiIifX0sImF1ZCI6ImMwZTZjNzc2NWYwNjk3NWNlZDExNjlhZGUyM2MyYjhkNzAwYWM1ZGUiLCJpYXQiOjE3MjYyNDU0MDUsImV4cCI6MTcyNjI3NDIwNX0.S71HcnJCSTkYcd88DYbp9GXdUaucKTkVV3qOUhuKC6g
DEBUG - 2024-09-13 11:36:58 --> Token extraído: eyJ0eXAiOiJKV1QiLCJhbGciOiJIUzI1NiJ9.eyJkYXRhIjp7ImlkdSI6IjMxIiwidXNfbm9tX2FwZXMiOiJZZXJzb24gTXVcdTAwZjFveiBFcmF6byIsInVzIjoiYWRtaW5nZCIsIm1haWxfdXNlciI6InllcnNvbi5tdW5vekBwdXR1bWF5by5nb3YuY28iLCJlc3RhZG9fdXNlciI6IjEiLCJpZGVfcm9sIjoiMSIsImNvZEZ1biI6Ijc2MSIsImNvbmZpZyI6eyJmaWx0cm8iOjIsInZlbnRhbmlsbGEiOiIifX0sImF1ZCI6ImMwZTZjNzc2NWYwNjk3NWNlZDExNjlhZGUyM2MyYjhkNzAwYWM1ZGUiLCJpYXQiOjE3MjYyNDU0MDUsImV4cCI6MTcyNjI3NDIwNX0.S71HcnJCSTkYcd88DYbp9GXdUaucKTkVV3qOUhuKC6g
DEBUG - 2024-09-13 11:36:58 --> Token decodificado correctamente
INFO - 2024-09-13 11:36:58 --> Database Driver Class Initialized
INFO - 2024-09-13 11:36:58 --> Database Driver Class Initialized
INFO - 2024-09-13 11:36:58 --> Router Class Initialized
INFO - 2024-09-13 11:36:58 --> Output Class Initialized
INFO - 2024-09-13 11:36:58 --> Database Driver Class Initialized
INFO - 2024-09-13 11:36:58 --> Security Class Initialized
INFO - 2024-09-13 11:36:58 --> Database Driver Class Initialized
DEBUG - 2024-09-13 11:36:58 --> Global POST, GET and COOKIE data sanitized
INFO - 2024-09-13 11:36:58 --> Input Class Initialized
DEBUG - 2024-09-13 11:36:58 --> Encabezado Jwt recibido: Bearer eyJ0eXAiOiJKV1QiLCJhbGciOiJIUzI1NiJ9.eyJkYXRhIjp7ImlkdSI6IjMxIiwidXNfbm9tX2FwZXMiOiJZZXJzb24gTXVcdTAwZjFveiBFcmF6byIsInVzIjoiYWRtaW5nZCIsIm1haWxfdXNlciI6InllcnNvbi5tdW5vekBwdXR1bWF5by5nb3YuY28iLCJlc3RhZG9fdXNlciI6IjEiLCJpZGVfcm9sIjoiMSIsImNvZEZ1biI6Ijc2MSIsImNvbmZpZyI6eyJmaWx0cm8iOjIsInZlbnRhbmlsbGEiOiIifX0sImF1ZCI6ImMwZTZjNzc2NWYwNjk3NWNlZDExNjlhZGUyM2MyYjhkNzAwYWM1ZGUiLCJpYXQiOjE3MjYyNDU0MDUsImV4cCI6MTcyNjI3NDIwNX0.S71HcnJCSTkYcd88DYbp9GXdUaucKTkVV3qOUhuKC6g
DEBUG - 2024-09-13 11:36:58 --> Token extraído: eyJ0eXAiOiJKV1QiLCJhbGciOiJIUzI1NiJ9.eyJkYXRhIjp7ImlkdSI6IjMxIiwidXNfbm9tX2FwZXMiOiJZZXJzb24gTXVcdTAwZjFveiBFcmF6byIsInVzIjoiYWRtaW5nZCIsIm1haWxfdXNlciI6InllcnNvbi5tdW5vekBwdXR1bWF5by5nb3YuY28iLCJlc3RhZG9fdXNlciI6IjEiLCJpZGVfcm9sIjoiMSIsImNvZEZ1biI6Ijc2MSIsImNvbmZpZyI6eyJmaWx0cm8iOjIsInZlbnRhbmlsbGEiOiIifX0sImF1ZCI6ImMwZTZjNzc2NWYwNjk3NWNlZDExNjlhZGUyM2MyYjhkNzAwYWM1ZGUiLCJpYXQiOjE3MjYyNDU0MDUsImV4cCI6MTcyNjI3NDIwNX0.S71HcnJCSTkYcd88DYbp9GXdUaucKTkVV3qOUhuKC6g
DEBUG - 2024-09-13 11:36:58 --> Token decodificado correctamente
INFO - 2024-09-13 11:36:58 --> Language Class Initialized
INFO - 2024-09-13 11:36:58 --> Database Driver Class Initialized
INFO - 2024-09-13 11:36:58 --> Loader Class Initialized
INFO - 2024-09-13 11:36:58 --> Helper loaded: funciones_grles_helper
INFO - 2024-09-13 11:36:58 --> Helper loaded: url_helper
INFO - 2024-09-13 11:36:58 --> Controller Class Initialized
DEBUG - 2024-09-13 11:36:58 --> Config file loaded: C:\xampp\htdocs\gesdoc\apigd\application\config/rest.php
INFO - 2024-09-13 11:36:58 --> Model "Natural_documento_model" initialized
INFO - 2024-09-13 11:36:58 --> Helper loaded: inflector_helper
INFO - 2024-09-13 11:36:58 --> Language file loaded: language/spanish/rest_controller_lang.php
INFO - 2024-09-13 11:36:58 --> Model "Tipo_documentos_model" initialized
DEBUG - 2024-09-13 11:36:58 --> Encabezado Jwt recibido: Bearer eyJ0eXAiOiJKV1QiLCJhbGciOiJIUzI1NiJ9.eyJkYXRhIjp7ImlkdSI6IjMxIiwidXNfbm9tX2FwZXMiOiJZZXJzb24gTXVcdTAwZjFveiBFcmF6byIsInVzIjoiYWRtaW5nZCIsIm1haWxfdXNlciI6InllcnNvbi5tdW5vekBwdXR1bWF5by5nb3YuY28iLCJlc3RhZG9fdXNlciI6IjEiLCJpZGVfcm9sIjoiMSIsImNvZEZ1biI6Ijc2MSIsImNvbmZpZyI6eyJmaWx0cm8iOjIsInZlbnRhbmlsbGEiOiIifX0sImF1ZCI6ImMwZTZjNzc2NWYwNjk3NWNlZDExNjlhZGUyM2MyYjhkNzAwYWM1ZGUiLCJpYXQiOjE3MjYyNDU0MDUsImV4cCI6MTcyNjI3NDIwNX0.S71HcnJCSTkYcd88DYbp9GXdUaucKTkVV3qOUhuKC6g
DEBUG - 2024-09-13 11:36:58 --> Token extraído: eyJ0eXAiOiJKV1QiLCJhbGciOiJIUzI1NiJ9.eyJkYXRhIjp7ImlkdSI6IjMxIiwidXNfbm9tX2FwZXMiOiJZZXJzb24gTXVcdTAwZjFveiBFcmF6byIsInVzIjoiYWRtaW5nZCIsIm1haWxfdXNlciI6InllcnNvbi5tdW5vekBwdXR1bWF5by5nb3YuY28iLCJlc3RhZG9fdXNlciI6IjEiLCJpZGVfcm9sIjoiMSIsImNvZEZ1biI6Ijc2MSIsImNvbmZpZyI6eyJmaWx0cm8iOjIsInZlbnRhbmlsbGEiOiIifX0sImF1ZCI6ImMwZTZjNzc2NWYwNjk3NWNlZDExNjlhZGUyM2MyYjhkNzAwYWM1ZGUiLCJpYXQiOjE3MjYyNDU0MDUsImV4cCI6MTcyNjI3NDIwNX0.S71HcnJCSTkYcd88DYbp9GXdUaucKTkVV3qOUhuKC6g
INFO - 2024-09-13 11:36:58 --> Database Driver Class Initialized
DEBUG - 2024-09-13 11:36:58 --> Token decodificado correctamente
DEBUG - 2024-09-13 11:36:58 --> Encabezado Jwt recibido: Bearer eyJ0eXAiOiJKV1QiLCJhbGciOiJIUzI1NiJ9.eyJkYXRhIjp7ImlkdSI6IjMxIiwidXNfbm9tX2FwZXMiOiJZZXJzb24gTXVcdTAwZjFveiBFcmF6byIsInVzIjoiYWRtaW5nZCIsIm1haWxfdXNlciI6InllcnNvbi5tdW5vekBwdXR1bWF5by5nb3YuY28iLCJlc3RhZG9fdXNlciI6IjEiLCJpZGVfcm9sIjoiMSIsImNvZEZ1biI6Ijc2MSIsImNvbmZpZyI6eyJmaWx0cm8iOjIsInZlbnRhbmlsbGEiOiIifX0sImF1ZCI6ImMwZTZjNzc2NWYwNjk3NWNlZDExNjlhZGUyM2MyYjhkNzAwYWM1ZGUiLCJpYXQiOjE3MjYyNDU0MDUsImV4cCI6MTcyNjI3NDIwNX0.S71HcnJCSTkYcd88DYbp9GXdUaucKTkVV3qOUhuKC6g
DEBUG - 2024-09-13 11:36:58 --> Token extraído: eyJ0eXAiOiJKV1QiLCJhbGciOiJIUzI1NiJ9.eyJkYXRhIjp7ImlkdSI6IjMxIiwidXNfbm9tX2FwZXMiOiJZZXJzb24gTXVcdTAwZjFveiBFcmF6byIsInVzIjoiYWRtaW5nZCIsIm1haWxfdXNlciI6InllcnNvbi5tdW5vekBwdXR1bWF5by5nb3YuY28iLCJlc3RhZG9fdXNlciI6IjEiLCJpZGVfcm9sIjoiMSIsImNvZEZ1biI6Ijc2MSIsImNvbmZpZyI6eyJmaWx0cm8iOjIsInZlbnRhbmlsbGEiOiIifX0sImF1ZCI6ImMwZTZjNzc2NWYwNjk3NWNlZDExNjlhZGUyM2MyYjhkNzAwYWM1ZGUiLCJpYXQiOjE3MjYyNDU0MDUsImV4cCI6MTcyNjI3NDIwNX0.S71HcnJCSTkYcd88DYbp9GXdUaucKTkVV3qOUhuKC6g
DEBUG - 2024-09-13 11:36:58 --> Token decodificado correctamente
INFO - 2024-09-13 11:36:58 --> Database Driver Class Initialized
INFO - 2024-09-13 11:36:58 --> Model "Dependencias_model" initialized
INFO - 2024-09-13 11:36:58 --> Model "Funcionarios_model" initialized
INFO - 2024-09-13 11:36:58 --> Final output sent to browser
DEBUG - 2024-09-13 11:36:58 --> Total execution time: 0.1666
INFO - 2024-09-13 11:36:58 --> Final output sent to browser
DEBUG - 2024-09-13 11:36:58 --> Total execution time: 0.1539
INFO - 2024-09-13 11:36:58 --> Final output sent to browser
DEBUG - 2024-09-13 11:36:58 --> Total execution time: 0.1989
INFO - 2024-09-13 11:36:58 --> Final output sent to browser
DEBUG - 2024-09-13 11:36:58 --> Total execution time: 0.2336
